[debug] [2017-11-09T14:35:10.582Z] ----------------------------------------------------------------------
[debug] [2017-11-09T14:35:10.587Z] Command:       C:\Program Files\nodejs\node.exe C:\Users\ajangi\AppData\Roaming\npm\node_modules\firebase-tools\bin\firebase serve --only functions
[debug] [2017-11-09T14:35:10.588Z] CLI Version:   3.13.1
[debug] [2017-11-09T14:35:10.588Z] Platform:      win32
[debug] [2017-11-09T14:35:10.588Z] Node Version:  v6.11.5
[debug] [2017-11-09T14:35:10.589Z] Time:          Thu Nov 09 2017 20:05:10 GMT+0530 (India Standard Time)
[debug] [2017-11-09T14:35:10.589Z] ----------------------------------------------------------------------
[debug] 
[debug] [2017-11-09T14:35:10.609Z] > command requires scopes: ["email","openid","https://www.googleapis.com/auth/cloudplatformprojects.readonly","https://www.googleapis.com/auth/firebase","https://www.googleapis.com/auth/cloud-platform"]
[debug] [2017-11-09T14:35:10.610Z] > authorizing via signed-in user
[debug] [2017-11-09T14:35:10.612Z] > refreshing access token with scopes: ["email","https://www.googleapis.com/auth/cloud-platform","https://www.googleapis.com/auth/cloudplatformprojects.readonly","https://www.googleapis.com/auth/firebase","openid"]
[debug] [2017-11-09T14:35:10.613Z] >>> HTTP REQUEST POST https://www.googleapis.com/oauth2/v3/token { refresh_token: '1/esiSbwD6oLMPbKi9J09N32EbsJAxx-Qks3488QblUR0',
  client_id: '563584335869-fgrhgmd47bqnekij5i8b5pr03ho849e6.apps.googleusercontent.com',
  client_secret: 'j9iVZfS8kkCEFUPaAeJV0sAi',
  grant_type: 'refresh_token',
  scope: 'email https://www.googleapis.com/auth/cloud-platform https://www.googleapis.com/auth/cloudplatformprojects.readonly https://www.googleapis.com/auth/firebase openid' } 
 Thu Nov 09 2017 20:05:10 GMT+0530 (India Standard Time)
[debug] [2017-11-09T14:35:11.011Z] <<< HTTP RESPONSE 200
[debug] [2017-11-09T14:35:11.079Z] >>> HTTP REQUEST GET https://admin.firebase.com/v1/projects/pwa-demo-25ad5  
 Thu Nov 09 2017 20:05:11 GMT+0530 (India Standard Time)
[debug] [2017-11-09T14:35:12.616Z] <<< HTTP RESPONSE 200
[debug] [2017-11-09T14:35:12.618Z] >>> HTTP REQUEST GET https://admin.firebase.com/v1/database/pwa-demo-25ad5/tokens  
 Thu Nov 09 2017 20:05:12 GMT+0530 (India Standard Time)
[debug] [2017-11-09T14:35:13.539Z] <<< HTTP RESPONSE 200
[info] 
[info] === Serving from 'D:\angular_workshop_sapient\pwa-demo'...
[info] 
[info] i  functions: Preparing to emulate functions.
[debug] [2017-11-09T14:35:14.770Z] >>> HTTP REQUEST GET https://appengine.googleapis.com/v1/apps/pwa-demo-25ad5  
 Thu Nov 09 2017 20:05:14 GMT+0530 (India Standard Time)
[debug] [2017-11-09T14:35:14.772Z] >>> HTTP REQUEST GET https://apikeys.googleapis.com/v1/projects/pwa-demo-25ad5/apiKeys  
 Thu Nov 09 2017 20:05:14 GMT+0530 (India Standard Time)
[debug] [2017-11-09T14:35:16.183Z] <<< HTTP RESPONSE 200
[debug] [2017-11-09T14:35:16.222Z] <<< HTTP RESPONSE 200
[info] +  functions: pwaServer: http://localhost:5000/pwa-demo-25ad5/us-central1/pwaServer
